[debug] [2025-02-22T05:19:06.203Z] ----------------------------------------------------------------------
[debug] [2025-02-22T05:19:06.226Z] Command:       C:\Program Files\nodejs\node.exe C:\Users\USER\AppData\Roaming\npm\node_modules\firebase-tools\lib\bin\firebase.js deploy
[debug] [2025-02-22T05:19:06.229Z] CLI Version:   13.29.3
[debug] [2025-02-22T05:19:06.230Z] Platform:      win32
[debug] [2025-02-22T05:19:06.230Z] Node Version:  v22.14.0
[debug] [2025-02-22T05:19:06.232Z] Time:          Fri Feb 21 2025 21:19:06 GMT-0800 (Pacific Standard Time)
[debug] [2025-02-22T05:19:06.233Z] ----------------------------------------------------------------------
[debug] 
[debug] [2025-02-22T05:19:06.995Z] > command requires scopes: ["email","openid","https://www.googleapis.com/auth/cloudplatformprojects.readonly","https://www.googleapis.com/auth/firebase","https://www.googleapis.com/auth/cloud-platform"]
[debug] [2025-02-22T05:19:06.996Z] > authorizing via signed-in user (isicheienoch20@gmail.com)
[debug] [2025-02-22T05:19:06.996Z] [iam] checking project rrtcfootballs for permissions ["firebase.projects.get","firebasehosting.sites.update"]
[debug] [2025-02-22T05:19:06.999Z] Checked if tokens are valid: false, expires at: 1740121009120
[debug] [2025-02-22T05:19:06.999Z] Checked if tokens are valid: false, expires at: 1740121009120
[debug] [2025-02-22T05:19:06.999Z] > refreshing access token with scopes: []
[debug] [2025-02-22T05:19:07.003Z] >>> [apiv2][query] POST https://www.googleapis.com/oauth2/v3/token [none]
[debug] [2025-02-22T05:19:07.004Z] >>> [apiv2][body] POST https://www.googleapis.com/oauth2/v3/token [omitted]
[debug] [2025-02-22T05:19:51.571Z] *** [apiv2] error from fetch(https://www.googleapis.com/oauth2/v3/token, {"headers":{},"method":"POST","body":{"_overheadLength":545,"_valueLength":212,"_valuesToMeasure":[],"writable":false,"readable":true,"dataSize":0,"maxDataSize":2097152,"pauseStreams":true,"_released":true,"_streams":[],"_currentStream":null,"_insideLoop":false,"_pendingNext":false,"_boundary":"--------------------------691614000679639177472984","_events":{},"_eventsCount":1}}): FetchError: request to https://www.googleapis.com/oauth2/v3/token failed, reason: read ECONNRESET
[error] Authentication Error: Your credentials are no longer valid. Please run firebase login --reauth

For CI servers and headless environments, generate a new token with firebase login:ci
[debug] [2025-02-22T05:19:51.579Z] [iam] error while checking permissions, command may fail: Authentication Error: Your credentials are no longer valid. Please run firebase login --reauth

For CI servers and headless environments, generate a new token with firebase login:ci
[debug] [2025-02-22T05:19:51.586Z] Checked if tokens are valid: false, expires at: 1740121009120
[debug] [2025-02-22T05:19:51.586Z] Checked if tokens are valid: false, expires at: 1740121009120
[debug] [2025-02-22T05:19:51.587Z] > refreshing access token with scopes: []
[debug] [2025-02-22T05:19:51.589Z] >>> [apiv2][query] POST https://www.googleapis.com/oauth2/v3/token [none]
[debug] [2025-02-22T05:19:51.589Z] >>> [apiv2][body] POST https://www.googleapis.com/oauth2/v3/token [omitted]
[debug] [2025-02-22T05:20:33.078Z] *** [apiv2] error from fetch(https://www.googleapis.com/oauth2/v3/token, {"headers":{},"method":"POST","body":{"_overheadLength":545,"_valueLength":212,"_valuesToMeasure":[],"writable":false,"readable":true,"dataSize":0,"maxDataSize":2097152,"pauseStreams":true,"_released":true,"_streams":[],"_currentStream":null,"_insideLoop":false,"_pendingNext":false,"_boundary":"--------------------------299587720474633727736303","_events":{},"_eventsCount":1}}): FetchError: request to https://www.googleapis.com/oauth2/v3/token failed, reason: read ECONNRESET
[error] Authentication Error: Your credentials are no longer valid. Please run firebase login --reauth

For CI servers and headless environments, generate a new token with firebase login:ci
[debug] [2025-02-22T05:20:33.083Z] Authentication Error: Your credentials are no longer valid. Please run firebase login --reauth

For CI servers and headless environments, generate a new token with firebase login:ci
[error] 
[error] Error: Assertion failed: resolving hosting target of a site with no site name or target name. This should have caused an error earlier
[debug] [2025-02-22T09:58:08.490Z] ----------------------------------------------------------------------
[debug] [2025-02-22T09:58:08.499Z] Command:       C:\Program Files\nodejs\node.exe C:\Users\USER\AppData\Roaming\npm\node_modules\firebase-tools\lib\bin\firebase.js deploy
[debug] [2025-02-22T09:58:08.500Z] CLI Version:   13.29.3
[debug] [2025-02-22T09:58:08.501Z] Platform:      win32
[debug] [2025-02-22T09:58:08.501Z] Node Version:  v22.14.0
[debug] [2025-02-22T09:58:08.506Z] Time:          Sat Feb 22 2025 01:58:08 GMT-0800 (Pacific Standard Time)
[debug] [2025-02-22T09:58:08.508Z] ----------------------------------------------------------------------
[debug] 
[debug] [2025-02-22T09:58:08.532Z] >>> [apiv2][query] GET https://firebase-public.firebaseio.com/cli.json [none]
[debug] [2025-02-22T09:58:09.476Z] > command requires scopes: ["email","openid","https://www.googleapis.com/auth/cloudplatformprojects.readonly","https://www.googleapis.com/auth/firebase","https://www.googleapis.com/auth/cloud-platform"]
[debug] [2025-02-22T09:58:09.477Z] > authorizing via signed-in user (isicheienoch20@gmail.com)
[debug] [2025-02-22T09:58:09.477Z] [iam] checking project rrtcfootballs for permissions ["firebase.projects.get","firebasehosting.sites.update"]
[debug] [2025-02-22T09:58:09.478Z] Checked if tokens are valid: false, expires at: 1740121009120
[debug] [2025-02-22T09:58:09.479Z] Checked if tokens are valid: false, expires at: 1740121009120
[debug] [2025-02-22T09:58:09.479Z] > refreshing access token with scopes: []
[debug] [2025-02-22T09:58:09.481Z] >>> [apiv2][query] POST https://www.googleapis.com/oauth2/v3/token [none]
[debug] [2025-02-22T09:58:09.481Z] >>> [apiv2][body] POST https://www.googleapis.com/oauth2/v3/token [omitted]
[debug] [2025-02-22T09:58:10.213Z] <<< [apiv2][status] GET https://firebase-public.firebaseio.com/cli.json 200
[debug] [2025-02-22T09:58:10.214Z] <<< [apiv2][body] GET https://firebase-public.firebaseio.com/cli.json {"cloudBuildErrorAfter":1594252800000,"cloudBuildWarnAfter":1590019200000,"defaultNode10After":1594252800000,"minVersion":"3.0.5","node8DeploysDisabledAfter":1613390400000,"node8RuntimeDisabledAfter":1615809600000,"node8WarnAfter":1600128000000}
[debug] [2025-02-22T09:58:10.358Z] <<< [apiv2][status] POST https://www.googleapis.com/oauth2/v3/token 200
[debug] [2025-02-22T09:58:10.358Z] <<< [apiv2][body] POST https://www.googleapis.com/oauth2/v3/token [omitted]
[debug] [2025-02-22T09:58:10.418Z] >>> [apiv2][query] POST https://cloudresourcemanager.googleapis.com/v1/projects/rrtcfootballs:testIamPermissions [none]
[debug] [2025-02-22T09:58:10.419Z] >>> [apiv2][(partial)header] POST https://cloudresourcemanager.googleapis.com/v1/projects/rrtcfootballs:testIamPermissions x-goog-quota-user=projects/rrtcfootballs
[debug] [2025-02-22T09:58:10.423Z] >>> [apiv2][body] POST https://cloudresourcemanager.googleapis.com/v1/projects/rrtcfootballs:testIamPermissions {"permissions":["firebase.projects.get","firebasehosting.sites.update"]}
[debug] [2025-02-22T09:58:11.784Z] <<< [apiv2][status] POST https://cloudresourcemanager.googleapis.com/v1/projects/rrtcfootballs:testIamPermissions 200
[debug] [2025-02-22T09:58:11.785Z] <<< [apiv2][body] POST https://cloudresourcemanager.googleapis.com/v1/projects/rrtcfootballs:testIamPermissions {"permissions":["firebase.projects.get","firebasehosting.sites.update"]}
[debug] [2025-02-22T09:58:11.796Z] Checked if tokens are valid: true, expires at: 1740221889359
[debug] [2025-02-22T09:58:11.797Z] Checked if tokens are valid: true, expires at: 1740221889359
[debug] [2025-02-22T09:58:11.799Z] >>> [apiv2][query] GET https://firebase.googleapis.com/v1beta1/projects/rrtcfootballs [none]
[debug] [2025-02-22T09:58:12.496Z] <<< [apiv2][status] GET https://firebase.googleapis.com/v1beta1/projects/rrtcfootballs 200
[debug] [2025-02-22T09:58:12.497Z] <<< [apiv2][body] GET https://firebase.googleapis.com/v1beta1/projects/rrtcfootballs {"projectId":"rrtcfootballs","projectNumber":"820429969319","displayName":"rrtcfootballs","name":"projects/rrtcfootballs","resources":{"hostingSite":"rrtcfootballs"},"state":"ACTIVE","etag":"1_890eb7ed-0362-4959-aeee-42978e1e2bbf"}
[info] 
[info] === Deploying to 'rrtcfootballs'...
[info] 
[info] i  deploying hosting 
[debug] [2025-02-22T09:58:12.549Z] Checked if tokens are valid: true, expires at: 1740221889359
[debug] [2025-02-22T09:58:12.549Z] Checked if tokens are valid: true, expires at: 1740221889359
[debug] [2025-02-22T09:58:12.550Z] >>> [apiv2][query] POST https://firebasehosting.googleapis.com/v1beta1/projects/-/sites/rrtcfootballs/versions [none]
[debug] [2025-02-22T09:58:12.550Z] >>> [apiv2][body] POST https://firebasehosting.googleapis.com/v1beta1/projects/-/sites/rrtcfootballs/versions {"status":"CREATED","labels":{"deployment-tool":"cli-firebase"}}
[debug] [2025-02-22T09:58:14.151Z] <<< [apiv2][status] POST https://firebasehosting.googleapis.com/v1beta1/projects/-/sites/rrtcfootballs/versions 200
[debug] [2025-02-22T09:58:14.151Z] <<< [apiv2][body] POST https://firebasehosting.googleapis.com/v1beta1/projects/-/sites/rrtcfootballs/versions {"name":"projects/820429969319/sites/rrtcfootballs/versions/fbcd4c84f7638269","status":"CREATED","config":{},"labels":{"deployment-tool":"cli-firebase"}}
[info] i  hosting[rrtcfootballs]: beginning deploy... 
[info] i  hosting[rrtcfootballs]: found 92 files in build 
[debug] [2025-02-22T09:58:14.296Z] [hosting] uploading with 200 concurrency
[debug] [2025-02-22T09:58:17.549Z] Checked if tokens are valid: true, expires at: 1740221889359
[debug] [2025-02-22T09:58:17.550Z] Checked if tokens are valid: true, expires at: 1740221889359
[debug] [2025-02-22T09:58:17.553Z] [hosting] hash cache [YnVpbGQ] stored for 92 files
[debug] [2025-02-22T09:58:17.553Z] [hosting][hash queue][FINAL] {"max":3068,"min":34,"avg":203.57608695652178,"active":0,"complete":92,"success":92,"errored":0,"retried":0,"total":92,"elapsed":3224}
[debug] [2025-02-22T09:58:17.560Z] >>> [apiv2][query] POST https://firebasehosting.googleapis.com/v1beta1/projects/820429969319/sites/rrtcfootballs/versions/fbcd4c84f7638269:populateFiles [none]
[debug] [2025-02-22T09:58:17.560Z] >>> [apiv2][body] POST https://firebasehosting.googleapis.com/v1beta1/projects/820429969319/sites/rrtcfootballs/versions/fbcd4c84f7638269:populateFiles {"files":{"/robots.txt":"bfe106a3fb878dc83461c86818bf74fc1bdc7f28538ba613cd3e775516ce8b49","/newlogo.png":"3d704ec141fcd8857f7c8987bbeccb1deaea2670654bf9b5182a6a24e353ad4d","/manifest.json":"48b43dc70e763e7ca458b3ecf303219273e2f22e6fe2dbe824bf3fc3fd2bad93","/logo512.png":"ee7e2f3fdb8209c4b6fd7bef6ba50d1b9dba30a25bb5c3126df057e1cb6f5331","/logo192.png":"3ee59515172ee198f3be375979df15ac5345183e656720a381b8872b2a39dc8b","/logo.png":"45b5c2bbc1d1e943f51bf644747f284b26aa3e00a406695a9d1aa5dba9932b3d","/favicon.ico":"eae62e993eb980ec8a25058c39d5a51feab118bd2100c4deebb2a9c158ec11f9","/index.html":"e26a0e3d43b1958d64da479794d29d5ae3777f35ed26e2a6e674e7aa68f8396e","/static/media/withdraw.31e7b9db38514a1d3ad1d579ed433504.svg":"6ae23a1d68a68b964e6ab613535481f3abe8acf20dbec75640ba5cd3e59220b6","/asset-manifest.json":"53ea46d0759f700ae491fa351d94b83049a6abac6f7f2328a4d88c86d37d0cef","/static/media/whatsapp.4ae26515a387e8df6b54e958ceb840df.svg":"dc027057dcf2e3e5cdb706c7552dc236ffb032673d93022501e419f1e6d2dcf0","/static/media/whatsapp (2).114eec24eacbcd0a924e9b58e7dbebc1.svg":"54fd08b685af95b341873ef2c7afe82b5a028d5a76cc8126799f5b4cb88275a6","/static/media/vs.84b7567d795549537d8a67baffdaf9af.svg":"1024ff66b163d264280a04429b0532f97dbb8f90cad09764b4824820f4106051","/static/media/trello.0c3a0624cf466453b385193af2da116a.svg":"7f982c26cc3651447aa3225a392ea5768286fab7b6d547a03b5c689c63fe1ce8","/static/media/telegram.bf2b6d737534bf0258f5365f1b701dcc.svg":"5818c77fb8569d7b03af3a06c8b9d1508af3d5d4bd07fb33d561774b8544ed23","/static/media/telegram.08c30d2a2a7f00252f37eccba896d05d.svg":"407452969bc40d54833ef9f9e9bd6fa707e3d15fd13e7c8eea2b2c0e1d890dab","/static/media/telegram (1).63209c0ef5a2627da4dc7088958efb1f.svg":"9a59804728f48facbb6c253eb14d4e29dc873b929e9cf3c46e1ce4cdcd66fbc3","/static/media/support3.3c32598f368d261df8dbf7308292da41.svg":"e346c8ba6323f5732bf7ce956a95ef0410ec3f27ac2ced8e15a138c655e89a87","/static/media/support2.bbb1225f6c0f83b52b62f246ae3a7b3b.svg":"bacbdcab9ba3b6d6b41845a7145b9fc9f51d6caefe3463987d50845f8de5af8c","/static/media/support1.91782c6ce5999d85788773a1bce229b2.svg":"c34afd679086fa773ee62982481a078dd40267a99a2a6da0e9e8443cb7e18cdb","/static/media/success-2.3dd024264e84f852bdc25006739b6dbc.svg":"3064d31117acac3fee9717225aec1ee76a5c376e495a9ea031ee5b5c5a5dbc0b","/static/media/soccer.c10c8895120f0a0d305bdb9e9f10ce8d.svg":"7bab9aefe5a6b1700595ddb92d5996313839deefa8447ad82e23515a7255586f","/static/media/slick.c94f7671dcc99dce43e2.ttf":"2a69fb5b4ff00530e26e5560f694292a430b43ce5487c120a3feceec7c92d3cc","/static/media/slick.a4e97f5a2a64f0ab1323.eot":"ed67f7884c468f957a4ec1010741b07addd932d8c47a83b0a720a799ead75dbb","/static/media/slick.295183786cd8a1389865.woff":"7feb12b85f7c511f941d9d2f657d107daec1e37b452a23d355ec3e72fa884ee3","/static/media/slick.2630a3e3eab21c607e21.svg":"4d223326396dcf3abf9f31e7fe324d7cee327799c322474d6246950d56c9a9e5","/static/media/shield.be2a70f656ef15b5e7ef8573814c5a0f.svg":"37b8bf46b1ae692f76114541815050b7eb66e91f7d785b147980555c2f52ed41","/static/media/send 1.204702b206682d25ae67aae26f4ec8fc.svg":"fd1f735a1c5156db601efac3e87f8b58b345d8c9cba30e969dcd4a71b5587ed1","/static/media/rewards.f5915daee3b5c65e436d4a255ca8808f.svg":"3a578290619b0e5095f617109b5d8245b6635915afa74369c087b1c70fecf50f","/static/media/phone.f17441c1b5de41af3944e0f72230192d.svg":"40068933581f93e7c94ac89f6f07f3f0a5752a7f3b19907eccbd008f45655148","/static/media/megaphone2.ca7017d138a71375f823.png":"ec81404de5af923bf9370d40613bc66c6a7997f79741edd4157aff4996f78840","/static/media/loggout.71b502ab02698ed7f3b16f2e04097fd4.svg":"2dfbdc145e5230fc53086f07861c726886a061ff87baf8e4b2abf3ab3ae2a5ec","/static/media/lock (1).80ec2980c0f06aaafa6f4b865dba7574.svg":"8aefce60505b50d8b35ef693ec02b0f02e5e2f0490c084259c807b78696292eb","/static/media/life-buoy (2).5c64a926dafa51f0b399d2758aa0df4f.svg":"3b97511191a20e9e2ed061046baa83cf60119da6107b26024c1d7da74c3d96f5","/static/media/home 1.428a681bb65de0a2339d526680fff906.svg":"8dbc303abd4602b08139b150ece30e0fac91929e51c6fcf6e9fcc01547289c50","/static/media/help.06dae64b2c7a94dc7377c3d1975d641a.svg":"b88a56a8cc358eaa8778151988ac064ab295c80c75e17629a50c0827ff629b29","/static/media/help-circle (1).918cdf53488039384cf3e6c4767c5781.svg":"6355441ce2a5910d06d031a3df783c5f87525a81b992f15cc26c988e2704da80","/static/media/guide.bec32ce580ceb1445272d79397da1829.svg":"2dce3d5d851ab5f7ccac389fae710135d90295ede202c2e3cba6a138338789a9","/static/media/gift (5) 1.f76edc6c5b901dd66b7ee4cba4e6d0fe.svg":"9323f24f9fb829657150cf1c1f84037965e6b6f3d8be5071a59f1e5b12d6541d","/static/media/frown.664e907b0665741f918f9c77f39766ad.svg":"6809fba1bdae550ba80733456027f78cbe5fedb9c42f0eb6c9a0da34eb3d22f0","/static/media/frown 1.c49a03375de5401170f1eac67af3364f.svg":"7f7ac79e36e11a652c6ff0e94a438a4b159c62bfefe37780d9db11aa66674acf","/static/media/profile.c8b4971c0583dba21023.png":"ab08fd39f16aed6878e1e3122c3303696288df04d6eca573cb000612e35610c3","/static/media/nodata4.b21c7df3fd67fa5b7d26.png":"ce4fb5038fd63ffe58af77feefd19d9e88260f06899c1c2179273a54fa8e5619","/static/media/maga.b11b227667e6094a07a6.png":"3b4548c98b6887eeada45e5b5a8de9d4bf8c53f4309054594abd5c9b214481cc","/static/media/nodata3.228d8329c68e55ba2711.png":"66f9f19d03f732fa8e75a2953936959af7a98416ac67d19f0476f57629c4cf30","/static/media/nodata2.bddaf40288ca7fe6d0b7.png":"856677ee292a17fc6c42475ff9f0af43b582ca5b0f735e20fb1604019f75a10d","/static/media/usd.986071b85205b2e0e15d.png":"4ff3d6d0a048ccf102a3b71369efcb35577eaca0213903222ef23caff62ccaac","/static/media/fire.0fcd6a7393e23f551ddcd28a62a7027d.svg":"908a0766eb78de99aaad4dc34e2c249c2647503f1cc36de975979a0fba102413","/static/media/fa-v4compatibility.c6a0c95b0a95c4553700.ttf":"1118a801a77bd8233f689b264e7a698c9fedbc839b3e4712628b939fbe6eb939","/static/media/fa-v4compatibility.1bac2991f3dbfa237aec.woff2":"2f04815e075109a5deb5e54b68d981d87d83bd321737b898731eab627f054818","/static/media/failed.f5c98ed1ab482e0f97fb.png":"8cb9ec8cace68394fc94d1ea33975e06f03e9b100fbe239280131e01f629d9fe","/static/media/email.0d70174b1365b825a56626ca5d6430bc.svg":"414a482fd41bd34c9e6f7d30e8f669d0fabd5cacb0c00d8cd7ffa3fb9e2634b2","/static/media/deposit.b9784c33d6da67dd7e70125daedc4018.svg":"ffa5c934e1633e7ae3ae5ab8b9a4f493ebf56b8df110a21a0c4882fa8833579b","/static/media/bet history.2ba909518baa4596d1cb3603da1f29ac.svg":"28e5e4482ece6cebaa993b9c5cb1474685c1c144ffee07671dc5d45b3adde466","/static/media/bell (1).03d885db7a7d89be2f15de0e5a8e0f0e.svg":"a1e8d9d314718a2660f7e45e00305bf41947a86583a91b941229e83e9e982081","/static/media/address.84b4e0634ebaa5a62829f9d6aba56167.svg":"90e19b17ff63f5982545a7a4381eeab2a067fdd766d05fe424f306bb8d7096ef","/static/media/about.b520b53a228757badb10754610ca678c.svg":"03bbb69e98d0ddca8b41f16ca1eed342733ee9dd5fc7eb08b06825d9b3b57f01","/static/js/main.4c0fb5d8.js.LICENSE.txt":"7723e63f39be5b88d8380871bd149417a0d7a975385e96eb00fa4f6ca032e58e","/static/js/194.c9658631.chunk.js.map":"f059dbc9d3d16272224f0bbbe1c3ec50d2b02238b26d61f1150dcd4e8fe70f91","/static/js/194.c9658631.chunk.js":"47dac8796c30215f6efa58fc675835ebc16849d8534370773614f7d35bec3552","/static/media/fa-regular-400.b041b1fa4fe241b23445.woff2":"d16a06b647f03b21962101fc60c5541c9f6a74adbffd7708550bfdbfbd9cee05","/static/media/fa-regular-400.50701fbb8177c2dde530.ttf":"260100309e53599657488a65a619225d50beb976ea3901d94804b14ae5628b88","/static/media/usd1.6cfc5d9e0a97490377d3.png":"229a16be5c19da1d6b6af52232616b82eba76c83a40178da28e827377963c5fd","/static/media/dollar.a45ce869f02ae55670e3.png":"fd1a72f1576a756278e8176d9df839c55adfcdaf19441ab00a22b8c9d727a659","/static/media/nodata1.a635ced6ddf53c341e64.png":"81d54e8ad5586fde929b45307abe00d97accbe3854dca651e51fe59591de71c9","/static/media/flier.0b462e9c3692f317a041.jpg":"12d6e9fe79551185e0da514d8569e2c8c05aa279237e675e4ab5b9e6cf21eb97","/static/media/fli1.e5004214ff3389a999a2.jpg":"83bccce4e4e54a10ed5f203eadf035fe05a74b6a17c219c0e90a29cd63497c62","/static/media/Captureyt-removebg-preview.18c12749bcd698f7e6ac.png":"6b7d1ec51a8d18fdee692481b38ff91685654a8d9150ebbe0efbbf18dee0ea12","/static/media/Captureuu-removebg-preview.604763508f0c0a4bd748.png":"c39ea18517f55bd516da2b9b2871b361023092c51071574f2bdf19fb9c75225c","/static/media/bell.f1bb523b52e028a99c90.png":"453f88780eec6bbf0242996c22fa2698b871668c59594fcaee217f0517bb1ca0","/static/media/fli2.d216562575c6da8df0e9.jpg":"e03449b53513d05175ab025a1431d314a3ed88fb990985e14a728c9f41f7bb30","/static/media/coins.c1fc3462cfe5b690a7df.png":"e878ec3a15bb114521ab5422937f1ba841294d4df4b07d91748ee900f4e88bd3","/static/media/football-bg1.684fdd88a8abbdd43de5.jpg":"e90bf2ff4d5ae316fd368ae02022fb7062779e5d26ccff1459ca01fecbcab919","/static/media/f5.583b6eaf170abd66bc9e.jpeg":"a288f0fd91f676bf7aa9d75074de139d746d09ad64dc4b4e9258410847fba854","/static/media/fa-brands-400.878f31251d960bd6266f.woff2":"2d19220c6fc9e0044368e3b5badf7f1f210e90484e57b1bcf54b401099e6e54c","/static/media/fa-brands-400.016b4a6cdced82ab3aa1.ttf":"7750fb79d8fa17459dca9bca62767e192377beb1ec455b2cad8b138ab6a2b4c1","/static/media/nodata.25f39d128d174831a629.png":"82b80287615cbffa6220fa8f602b0e3fa04b3017bf4c2ac99594cdc18a9d33eb","/static/media/fa-solid-900.b6879d41b0852f01ed5b.woff2":"44ddccecb9af398baa057519d17deb470452327d55356c5b8c38c9ea19418d31","/static/css/main.7d076be4.css":"2524e3029f4325e25ad4540084a331b506280debfc7285a3b5aa5da82787ed52","/static/media/ball.e9ea1ef147afbe4c753a.png":"76c95a96a44f1017fbd1649f50a91289a84cbe138b2b8247f7a423295bdf9512","/static/media/newlogo.ab7203d0662f5d27d616.png":"963d86636543e5d91c247300fd31d8c10a74915c258dc11412588dd54632544b","/static/media/flier2.48330535474b6187728b.jpg":"94d041082397058dab56a5015d3e9c6534a26442cf4e86e7127e28a26731d6e1","/static/media/flier4.500f7b9e976a90b56a5e.jpg":"c4cdf4742ca4770436b6bd66cb426126c52da97c0c61f7c8a2c7b8b4e49eb8a6","/static/media/f3.ea9daadb2666fa6f9116.jpeg":"f295865f48df1ec38fcfc6e1deaa9a6e89a54e36f1a3d9b54e6d34239135e9b2","/static/media/f4.9014019d7df1b3e396fb.jpeg":"349238afe8aff44191384cda8b4a0ff0e5146f4c7364b630a5aa1c9a67c45ea3","/static/media/fa-solid-900.d75e3fd1eb12e9bd6655.ttf":"8f81cc3966ed027c7ffb9e42ecf855d2024ae1f2416a71c8076138252d36a421","/static/media/flier3.76a9b04a8507daf9bdcc.jpg":"265e9629457472583590e99cda039f9ea3116c8c5b354693b7b7b3b2b2e63902","/static/media/flier1.5d8e5d3ed14d33ee5983.jpg":"eff690986028eae8a377e6074a992e95aca439df29ddd4e0c5f98f27ae763caa","/static/css/main.7d076be4.css.map":"8a8ed3def76fdd4e2ceef87917295964c8d590f3c3d41cabda19f40886e50d40","/static/media/Logo.c938c0e9c7d70e6522d1.png":"91f129e0fe7e9494ccfcb39c8223b397def41f1f0f9e386c6e1d7fd8f60ce30b","/static/js/main.4c0fb5d8.js":"3744797789e4a97c344e9b36889b7a234a3d1e382bc477b02d55f599de000d0f","/static/js/main.4c0fb5d8.js.map":"24177e6b68741ad999a3472665ffc7f86dcfff22a4fb5b40ad4b4a1eb2914744"}}
[debug] [2025-02-22T09:58:18.047Z] <<< [apiv2][status] POST https://firebasehosting.googleapis.com/v1beta1/projects/820429969319/sites/rrtcfootballs/versions/fbcd4c84f7638269:populateFiles 200
[debug] [2025-02-22T09:58:18.047Z] <<< [apiv2][body] POST https://firebasehosting.googleapis.com/v1beta1/projects/820429969319/sites/rrtcfootballs/versions/fbcd4c84f7638269:populateFiles {"uploadRequiredHashes":["2524e3029f4325e25ad4540084a331b506280debfc7285a3b5aa5da82787ed52","3744797789e4a97c344e9b36889b7a234a3d1e382bc477b02d55f599de000d0f","53ea46d0759f700ae491fa351d94b83049a6abac6f7f2328a4d88c86d37d0cef","e26a0e3d43b1958d64da479794d29d5ae3777f35ed26e2a6e674e7aa68f8396e","83bccce4e4e54a10ed5f203eadf035fe05a74b6a17c219c0e90a29cd63497c62","24177e6b68741ad999a3472665ffc7f86dcfff22a4fb5b40ad4b4a1eb2914744","e03449b53513d05175ab025a1431d314a3ed88fb990985e14a728c9f41f7bb30","8a8ed3def76fdd4e2ceef87917295964c8d590f3c3d41cabda19f40886e50d40"],"uploadUrl":"https://upload-firebasehosting.googleapis.com/upload/sites/rrtcfootballs/versions/fbcd4c84f7638269/files"}
[debug] [2025-02-22T09:58:18.048Z] Checked if tokens are valid: true, expires at: 1740221889359
[debug] [2025-02-22T09:58:18.049Z] Checked if tokens are valid: true, expires at: 1740221889359
[debug] [2025-02-22T09:58:18.049Z] Checked if tokens are valid: true, expires at: 1740221889359
[debug] [2025-02-22T09:58:18.049Z] Checked if tokens are valid: true, expires at: 1740221889359
[debug] [2025-02-22T09:58:18.049Z] Checked if tokens are valid: true, expires at: 1740221889359
[debug] [2025-02-22T09:58:18.049Z] Checked if tokens are valid: true, expires at: 1740221889359
[debug] [2025-02-22T09:58:18.049Z] Checked if tokens are valid: true, expires at: 1740221889359
[debug] [2025-02-22T09:58:18.050Z] Checked if tokens are valid: true, expires at: 1740221889359
[debug] [2025-02-22T09:58:18.050Z] Checked if tokens are valid: true, expires at: 1740221889359
[debug] [2025-02-22T09:58:18.050Z] Checked if tokens are valid: true, expires at: 1740221889359
[debug] [2025-02-22T09:58:18.050Z] Checked if tokens are valid: true, expires at: 1740221889359
[debug] [2025-02-22T09:58:18.050Z] Checked if tokens are valid: true, expires at: 1740221889359
[debug] [2025-02-22T09:58:18.050Z] Checked if tokens are valid: true, expires at: 1740221889359
[debug] [2025-02-22T09:58:18.050Z] Checked if tokens are valid: true, expires at: 1740221889359
[debug] [2025-02-22T09:58:18.051Z] Checked if tokens are valid: true, expires at: 1740221889359
[debug] [2025-02-22T09:58:18.051Z] Checked if tokens are valid: true, expires at: 1740221889359
[debug] [2025-02-22T09:58:18.051Z] >>> [apiv2][query] POST https://upload-firebasehosting.googleapis.com/upload/sites/rrtcfootballs/versions/fbcd4c84f7638269/files/2524e3029f4325e25ad4540084a331b506280debfc7285a3b5aa5da82787ed52 [none]
[debug] [2025-02-22T09:58:18.051Z] >>> [apiv2][body] POST https://upload-firebasehosting.googleapis.com/upload/sites/rrtcfootballs/versions/fbcd4c84f7638269/files/2524e3029f4325e25ad4540084a331b506280debfc7285a3b5aa5da82787ed52 [stream]
[debug] [2025-02-22T09:58:18.056Z] >>> [apiv2][query] POST https://upload-firebasehosting.googleapis.com/upload/sites/rrtcfootballs/versions/fbcd4c84f7638269/files/3744797789e4a97c344e9b36889b7a234a3d1e382bc477b02d55f599de000d0f [none]
[debug] [2025-02-22T09:58:18.056Z] >>> [apiv2][body] POST https://upload-firebasehosting.googleapis.com/upload/sites/rrtcfootballs/versions/fbcd4c84f7638269/files/3744797789e4a97c344e9b36889b7a234a3d1e382bc477b02d55f599de000d0f [stream]
[debug] [2025-02-22T09:58:18.063Z] >>> [apiv2][query] POST https://upload-firebasehosting.googleapis.com/upload/sites/rrtcfootballs/versions/fbcd4c84f7638269/files/53ea46d0759f700ae491fa351d94b83049a6abac6f7f2328a4d88c86d37d0cef [none]
[debug] [2025-02-22T09:58:18.063Z] >>> [apiv2][body] POST https://upload-firebasehosting.googleapis.com/upload/sites/rrtcfootballs/versions/fbcd4c84f7638269/files/53ea46d0759f700ae491fa351d94b83049a6abac6f7f2328a4d88c86d37d0cef [stream]
[debug] [2025-02-22T09:58:18.066Z] >>> [apiv2][query] POST https://upload-firebasehosting.googleapis.com/upload/sites/rrtcfootballs/versions/fbcd4c84f7638269/files/e26a0e3d43b1958d64da479794d29d5ae3777f35ed26e2a6e674e7aa68f8396e [none]
[debug] [2025-02-22T09:58:18.066Z] >>> [apiv2][body] POST https://upload-firebasehosting.googleapis.com/upload/sites/rrtcfootballs/versions/fbcd4c84f7638269/files/e26a0e3d43b1958d64da479794d29d5ae3777f35ed26e2a6e674e7aa68f8396e [stream]
[debug] [2025-02-22T09:58:18.068Z] >>> [apiv2][query] POST https://upload-firebasehosting.googleapis.com/upload/sites/rrtcfootballs/versions/fbcd4c84f7638269/files/83bccce4e4e54a10ed5f203eadf035fe05a74b6a17c219c0e90a29cd63497c62 [none]
[debug] [2025-02-22T09:58:18.068Z] >>> [apiv2][body] POST https://upload-firebasehosting.googleapis.com/upload/sites/rrtcfootballs/versions/fbcd4c84f7638269/files/83bccce4e4e54a10ed5f203eadf035fe05a74b6a17c219c0e90a29cd63497c62 [stream]
[debug] [2025-02-22T09:58:18.070Z] >>> [apiv2][query] POST https://upload-firebasehosting.googleapis.com/upload/sites/rrtcfootballs/versions/fbcd4c84f7638269/files/24177e6b68741ad999a3472665ffc7f86dcfff22a4fb5b40ad4b4a1eb2914744 [none]
[debug] [2025-02-22T09:58:18.070Z] >>> [apiv2][body] POST https://upload-firebasehosting.googleapis.com/upload/sites/rrtcfootballs/versions/fbcd4c84f7638269/files/24177e6b68741ad999a3472665ffc7f86dcfff22a4fb5b40ad4b4a1eb2914744 [stream]
[debug] [2025-02-22T09:58:18.075Z] >>> [apiv2][query] POST https://upload-firebasehosting.googleapis.com/upload/sites/rrtcfootballs/versions/fbcd4c84f7638269/files/e03449b53513d05175ab025a1431d314a3ed88fb990985e14a728c9f41f7bb30 [none]
[debug] [2025-02-22T09:58:18.075Z] >>> [apiv2][body] POST https://upload-firebasehosting.googleapis.com/upload/sites/rrtcfootballs/versions/fbcd4c84f7638269/files/e03449b53513d05175ab025a1431d314a3ed88fb990985e14a728c9f41f7bb30 [stream]
[debug] [2025-02-22T09:58:18.078Z] >>> [apiv2][query] POST https://upload-firebasehosting.googleapis.com/upload/sites/rrtcfootballs/versions/fbcd4c84f7638269/files/8a8ed3def76fdd4e2ceef87917295964c8d590f3c3d41cabda19f40886e50d40 [none]
[debug] [2025-02-22T09:58:18.079Z] >>> [apiv2][body] POST https://upload-firebasehosting.googleapis.com/upload/sites/rrtcfootballs/versions/fbcd4c84f7638269/files/8a8ed3def76fdd4e2ceef87917295964c8d590f3c3d41cabda19f40886e50d40 [stream]
[debug] [2025-02-22T09:58:18.081Z] [hosting][populate queue][FINAL] {"max":502,"min":502,"avg":502,"active":0,"complete":1,"success":1,"errored":0,"retried":0,"total":1,"elapsed":532}
[debug] [2025-02-22T09:58:18.081Z] [hosting] uploads queued: 8
[debug] [2025-02-22T09:58:19.902Z] <<< [apiv2][status] POST https://upload-firebasehosting.googleapis.com/upload/sites/rrtcfootballs/versions/fbcd4c84f7638269/files/53ea46d0759f700ae491fa351d94b83049a6abac6f7f2328a4d88c86d37d0cef 200
[debug] [2025-02-22T09:58:19.902Z] <<< [apiv2][body] POST https://upload-firebasehosting.googleapis.com/upload/sites/rrtcfootballs/versions/fbcd4c84f7638269/files/53ea46d0759f700ae491fa351d94b83049a6abac6f7f2328a4d88c86d37d0cef [stream]
[debug] [2025-02-22T09:58:19.969Z] <<< [apiv2][status] POST https://upload-firebasehosting.googleapis.com/upload/sites/rrtcfootballs/versions/fbcd4c84f7638269/files/e03449b53513d05175ab025a1431d314a3ed88fb990985e14a728c9f41f7bb30 200
[debug] [2025-02-22T09:58:19.970Z] <<< [apiv2][body] POST https://upload-firebasehosting.googleapis.com/upload/sites/rrtcfootballs/versions/fbcd4c84f7638269/files/e03449b53513d05175ab025a1431d314a3ed88fb990985e14a728c9f41f7bb30 [stream]
[debug] [2025-02-22T09:58:20.179Z] <<< [apiv2][status] POST https://upload-firebasehosting.googleapis.com/upload/sites/rrtcfootballs/versions/fbcd4c84f7638269/files/8a8ed3def76fdd4e2ceef87917295964c8d590f3c3d41cabda19f40886e50d40 200
[debug] [2025-02-22T09:58:20.179Z] <<< [apiv2][body] POST https://upload-firebasehosting.googleapis.com/upload/sites/rrtcfootballs/versions/fbcd4c84f7638269/files/8a8ed3def76fdd4e2ceef87917295964c8d590f3c3d41cabda19f40886e50d40 [stream]
[debug] [2025-02-22T09:58:20.209Z] <<< [apiv2][status] POST https://upload-firebasehosting.googleapis.com/upload/sites/rrtcfootballs/versions/fbcd4c84f7638269/files/e26a0e3d43b1958d64da479794d29d5ae3777f35ed26e2a6e674e7aa68f8396e 200
[debug] [2025-02-22T09:58:20.210Z] <<< [apiv2][body] POST https://upload-firebasehosting.googleapis.com/upload/sites/rrtcfootballs/versions/fbcd4c84f7638269/files/e26a0e3d43b1958d64da479794d29d5ae3777f35ed26e2a6e674e7aa68f8396e [stream]
[debug] [2025-02-22T09:58:20.214Z] <<< [apiv2][status] POST https://upload-firebasehosting.googleapis.com/upload/sites/rrtcfootballs/versions/fbcd4c84f7638269/files/83bccce4e4e54a10ed5f203eadf035fe05a74b6a17c219c0e90a29cd63497c62 200
[debug] [2025-02-22T09:58:20.214Z] <<< [apiv2][body] POST https://upload-firebasehosting.googleapis.com/upload/sites/rrtcfootballs/versions/fbcd4c84f7638269/files/83bccce4e4e54a10ed5f203eadf035fe05a74b6a17c219c0e90a29cd63497c62 [stream]
[debug] [2025-02-22T09:58:20.248Z] <<< [apiv2][status] POST https://upload-firebasehosting.googleapis.com/upload/sites/rrtcfootballs/versions/fbcd4c84f7638269/files/2524e3029f4325e25ad4540084a331b506280debfc7285a3b5aa5da82787ed52 200
[debug] [2025-02-22T09:58:20.248Z] <<< [apiv2][body] POST https://upload-firebasehosting.googleapis.com/upload/sites/rrtcfootballs/versions/fbcd4c84f7638269/files/2524e3029f4325e25ad4540084a331b506280debfc7285a3b5aa5da82787ed52 [stream]
[debug] [2025-02-22T09:58:21.445Z] <<< [apiv2][status] POST https://upload-firebasehosting.googleapis.com/upload/sites/rrtcfootballs/versions/fbcd4c84f7638269/files/3744797789e4a97c344e9b36889b7a234a3d1e382bc477b02d55f599de000d0f 200
[debug] [2025-02-22T09:58:21.446Z] <<< [apiv2][body] POST https://upload-firebasehosting.googleapis.com/upload/sites/rrtcfootballs/versions/fbcd4c84f7638269/files/3744797789e4a97c344e9b36889b7a234a3d1e382bc477b02d55f599de000d0f [stream]
[debug] [2025-02-22T09:58:22.430Z] <<< [apiv2][status] POST https://upload-firebasehosting.googleapis.com/upload/sites/rrtcfootballs/versions/fbcd4c84f7638269/files/24177e6b68741ad999a3472665ffc7f86dcfff22a4fb5b40ad4b4a1eb2914744 200
[debug] [2025-02-22T09:58:22.430Z] <<< [apiv2][body] POST https://upload-firebasehosting.googleapis.com/upload/sites/rrtcfootballs/versions/fbcd4c84f7638269/files/24177e6b68741ad999a3472665ffc7f86dcfff22a4fb5b40ad4b4a1eb2914744 [stream]
[debug] [2025-02-22T09:58:22.431Z] [hosting][upload queue][FINAL] {"max":4380,"min":1853,"avg":2525.875,"active":0,"complete":8,"success":8,"errored":0,"retried":0,"total":8,"elapsed":4384}
[info] +  hosting[rrtcfootballs]: file upload complete 
[debug] [2025-02-22T09:58:22.433Z] [hosting] deploy completed after 8268ms
[debug] [2025-02-22T09:58:22.434Z] [
  {
    "config": {
      "public": "build",
      "ignore": [
        "firebase.json",
        "**/.*",
        "**/node_modules/**"
      ],
      "rewrites": [
        {
          "source": "**",
          "destination": "/index.html"
        }
      ],
      "site": "rrtcfootballs"
    },
    "version": "projects/820429969319/sites/rrtcfootballs/versions/fbcd4c84f7638269"
  }
]
[info] i  hosting[rrtcfootballs]: finalizing version... 
[debug] [2025-02-22T09:58:22.444Z] Checked if tokens are valid: true, expires at: 1740221889359
[debug] [2025-02-22T09:58:22.444Z] Checked if tokens are valid: true, expires at: 1740221889359
[debug] [2025-02-22T09:58:22.462Z] >>> [apiv2][query] PATCH https://firebasehosting.googleapis.com/v1beta1/projects/-/sites/rrtcfootballs/versions/fbcd4c84f7638269 updateMask=status%2Cconfig
[debug] [2025-02-22T09:58:22.463Z] >>> [apiv2][body] PATCH https://firebasehosting.googleapis.com/v1beta1/projects/-/sites/rrtcfootballs/versions/fbcd4c84f7638269 {"status":"FINALIZED","config":{"rewrites":[{"glob":"**","path":"/index.html"}]}}
[debug] [2025-02-22T09:58:23.486Z] <<< [apiv2][status] PATCH https://firebasehosting.googleapis.com/v1beta1/projects/-/sites/rrtcfootballs/versions/fbcd4c84f7638269 200
[debug] [2025-02-22T09:58:23.486Z] <<< [apiv2][body] PATCH https://firebasehosting.googleapis.com/v1beta1/projects/-/sites/rrtcfootballs/versions/fbcd4c84f7638269 {"name":"projects/820429969319/sites/rrtcfootballs/versions/fbcd4c84f7638269","status":"FINALIZED","config":{"rewrites":[{"glob":"**","path":"/index.html"}]},"labels":{"deployment-tool":"cli-firebase"},"createTime":"2025-02-22T09:58:13.699864Z","createUser":{"email":"isicheienoch20@gmail.com"},"finalizeTime":"2025-02-22T09:58:22.647336Z","finalizeUser":{"email":"isicheienoch20@gmail.com"}}
[debug] [2025-02-22T09:58:23.487Z] [hosting] finalized version for rrtcfootballs:[object Object]
[info] +  hosting[rrtcfootballs]: version finalized 
[info] i  hosting[rrtcfootballs]: releasing new version... 
[debug] [2025-02-22T09:58:23.499Z] Checked if tokens are valid: true, expires at: 1740221889359
[debug] [2025-02-22T09:58:23.499Z] Checked if tokens are valid: true, expires at: 1740221889359
[debug] [2025-02-22T09:58:23.499Z] >>> [apiv2][query] POST https://firebasehosting.googleapis.com/v1beta1/projects/-/sites/rrtcfootballs/channels/live/releases versionName=projects%2F820429969319%2Fsites%2Frrtcfootballs%2Fversions%2Ffbcd4c84f7638269
[debug] [2025-02-22T09:58:23.500Z] >>> [apiv2][body] POST https://firebasehosting.googleapis.com/v1beta1/projects/-/sites/rrtcfootballs/channels/live/releases {}
[debug] [2025-02-22T09:58:24.695Z] <<< [apiv2][status] POST https://firebasehosting.googleapis.com/v1beta1/projects/-/sites/rrtcfootballs/channels/live/releases 200
[debug] [2025-02-22T09:58:24.696Z] <<< [apiv2][body] POST https://firebasehosting.googleapis.com/v1beta1/projects/-/sites/rrtcfootballs/channels/live/releases {"name":"projects/820429969319/sites/rrtcfootballs/channels/live/releases/1740218303147000","version":{"name":"projects/820429969319/sites/rrtcfootballs/versions/fbcd4c84f7638269","status":"FINALIZED","config":{"rewrites":[{"glob":"**","path":"/index.html"}]},"labels":{"deployment-tool":"cli-firebase"},"createTime":"2025-02-22T09:58:13.699864Z","createUser":{"email":"isicheienoch20@gmail.com","imageUrl":"https://lh3.googleusercontent.com/a/ACg8ocLRc5eJK6OXoBXtybaXMUI9W8X5aLQt484KOh-QMaLUefHE1Hp6"},"finalizeTime":"2025-02-22T09:58:22.647336Z","finalizeUser":{"email":"isicheienoch20@gmail.com","imageUrl":"https://lh3.googleusercontent.com/a/ACg8ocLRc5eJK6OXoBXtybaXMUI9W8X5aLQt484KOh-QMaLUefHE1Hp6"}},"type":"DEPLOY","releaseTime":"2025-02-22T09:58:23.147Z","releaseUser":{"email":"isicheienoch20@gmail.com","imageUrl":"https://lh3.googleusercontent.com/a/ACg8ocLRc5eJK6OXoBXtybaXMUI9W8X5aLQt484KOh-QMaLUefHE1Hp6"}}
[debug] [2025-02-22T09:58:24.696Z] [hosting] release: {"name":"projects/820429969319/sites/rrtcfootballs/channels/live/releases/1740218303147000","version":{"name":"projects/820429969319/sites/rrtcfootballs/versions/fbcd4c84f7638269","status":"FINALIZED","config":{"rewrites":[{"glob":"**","path":"/index.html"}]},"labels":{"deployment-tool":"cli-firebase"},"createTime":"2025-02-22T09:58:13.699864Z","createUser":{"email":"isicheienoch20@gmail.com","imageUrl":"https://lh3.googleusercontent.com/a/ACg8ocLRc5eJK6OXoBXtybaXMUI9W8X5aLQt484KOh-QMaLUefHE1Hp6"},"finalizeTime":"2025-02-22T09:58:22.647336Z","finalizeUser":{"email":"isicheienoch20@gmail.com","imageUrl":"https://lh3.googleusercontent.com/a/ACg8ocLRc5eJK6OXoBXtybaXMUI9W8X5aLQt484KOh-QMaLUefHE1Hp6"}},"type":"DEPLOY","releaseTime":"2025-02-22T09:58:23.147Z","releaseUser":{"email":"isicheienoch20@gmail.com","imageUrl":"https://lh3.googleusercontent.com/a/ACg8ocLRc5eJK6OXoBXtybaXMUI9W8X5aLQt484KOh-QMaLUefHE1Hp6"}}
[info] +  hosting[rrtcfootballs]: release complete 
[info] 
[info] +  Deploy complete! 
[info] 
[info] Project Console: https://console.firebase.google.com/project/rrtcfootballs/overview
[info] Hosting URL: https://rrtcfootballs.web.app
[debug] [2025-02-22T09:58:33.249Z] Error: Timed out.
    at Timeout._onTimeout (C:\Users\USER\AppData\Roaming\npm\node_modules\firebase-tools\lib\utils.js:269:49)
    at listOnTimeout (node:internal/timers:594:17)
    at process.processTimers (node:internal/timers:529:7)
[error] 
[error] Error: An unexpected error has occurred.
